<?xml version="1.0" encoding="UTF-8"?>
<!-- Generated by org.testng.reporters.JUnitReportReporter -->
<testsuite hostname="DESKTOP-O8CRRS2" failures="0" tests="1" name="button_test.Test1" time="3.032" errors="0" timestamp="2022-12-04T14:41:54 GMT" skipped="0">
  <testcase classname="button_test.Test1" name="linktest" time="3.032"/>
  <system-out/>
</testsuite> <!-- button_test.Test1 -->
